<?xml version="1.0" encoding="UTF-8"?>
<!-- Generated by org.testng.reporters.JUnitReportReporter -->
<testsuite hostname="LAPTOP-E2PSIL5I" failures="0" tests="3" name="MyAccount.Tests.LoginTest" time="74.041" errors="0" timestamp="2023-10-31T16:20:10 IST" skipped="0">
  <testcase classname="MyAccount.Tests.LoginTest" name="loginTest" time="31.046"/>
  <system-out>
[ASSERTION PASSED]: LOGIN SUCCESSFUL  </system-out>
  <testcase classname="MyAccount.Tests.LoginTest" name="loginTest" time="23.398"/>
  <system-out>
[ASSERTION PASSED]: LOGIN SUCCESSFUL  </system-out>
  <testcase classname="MyAccount.Tests.LoginTest" name="loginTest" time="19.597"/>
  <system-out>
[ASSERTION PASSED]: LOGIN SUCCESSFUL  </system-out>
</testsuite> <!-- MyAccount.Tests.LoginTest -->
