<?xml version="1.0" encoding="UTF-8"?>
<!-- Generated by org.testng.reporters.JUnitReportReporter -->
<testsuite hostname="LAPTOP-E2PSIL5I" failures="0" tests="1" name="MyAccount.Tests.LogOutTest" time="17.550" errors="0" timestamp="2023-10-31T19:49:36 IST" skipped="0">
  <testcase classname="MyAccount.Tests.LogOutTest" name="logOutTest" time="17.550"/>
  <system-out>
STEP: Clicked on Logout from My account dropdown [ASSERTION PASSED]: LOGOUT SUCCESSFUL  </system-out>
</testsuite> <!-- MyAccount.Tests.LogOutTest -->
