<?xml version="1.0" encoding="UTF-8"?>
<!-- Generated by org.testng.reporters.JUnitReportReporter -->
<testsuite hostname="LAPTOP-E2PSIL5I" failures="0" tests="3" name="MyAccount.Tests.LogOutTest" time="60.630" errors="0" timestamp="2023-10-31T17:02:32 IST" skipped="0">
  <testcase classname="MyAccount.Tests.LogOutTest" name="logOutTest" time="22.078"/>
  <system-out>
STEP: Clicked on Logout from My account dropdown [ASSERTION PASSED]: LOGOUT SUCCESSFUL  </system-out>
  <testcase classname="MyAccount.Tests.LogOutTest" name="logOutTest" time="25.481"/>
  <system-out>
STEP: Clicked on Logout from My account dropdown [ASSERTION PASSED]: LOGOUT SUCCESSFUL  </system-out>
  <testcase classname="MyAccount.Tests.LogOutTest" name="logOutTest" time="13.071"/>
  <system-out>
STEP: Clicked on Logout from My account dropdown [ASSERTION PASSED]: LOGOUT SUCCESSFUL  </system-out>
</testsuite> <!-- MyAccount.Tests.LogOutTest -->
