<?xml version="1.0" encoding="UTF-8"?>
<!-- Generated by org.testng.reporters.JUnitReportReporter -->
<testsuite hostname="LAPTOP-E2PSIL5I" failures="0" tests="1" name="MyAccount.Tests.LogOutTest" time="34.324" errors="0" timestamp="2023-11-07T16:23:25 IST" skipped="0">
  <testcase classname="MyAccount.Tests.LogOutTest" name="logOutTest" time="34.324"/>
  <system-out>
STEP: Clicked on Logout from My account dropdown [ASSERTION PASSED]: LOGOUT SUCCESSFUL  </system-out>
</testsuite> <!-- MyAccount.Tests.LogOutTest -->
