<?xml version="1.0" encoding="UTF-8"?>
<!-- Generated by org.testng.reporters.JUnitReportReporter -->
<testsuite hostname="LAPTOP-E2PSIL5I" failures="0" tests="2" name="MyAccount.Tests.LogOutTest" time="44.979" errors="0" timestamp="2023-10-27T12:23:38 IST" skipped="0">
  <testcase classname="MyAccount.Tests.LogOutTest" name="logOutTest" time="22.955"/>
  <system-out>
STEP: Clicked on Logout from My account dropdown [ASSERTION PASSED]: LOGOUT SUCCESSFUL  </system-out>
  <testcase classname="MyAccount.Tests.LogOutTest" name="logOutTest" time="22.024"/>
  <system-out>
STEP: Clicked on Logout from My account dropdown [ASSERTION PASSED]: LOGOUT SUCCESSFUL  </system-out>
</testsuite> <!-- MyAccount.Tests.LogOutTest -->
