<?xml version="1.0" encoding="UTF-8"?>
<!-- Generated by org.testng.reporters.JUnitReportReporter -->
<testsuite hostname="LAPTOP-E2PSIL5I" failures="0" tests="2" name="MyAccount.Tests.LoginTest" time="95.574" errors="0" timestamp="2023-10-27T12:23:38 IST" skipped="0">
  <testcase classname="MyAccount.Tests.LoginTest" name="loginTest" time="40.175"/>
  <system-out>
[ASSERTION PASSED]: LOGIN SUCCESSFUL  </system-out>
  <testcase classname="MyAccount.Tests.LoginTest" name="loginTest" time="55.399"/>
  <system-out>
[ASSERTION PASSED]: LOGIN SUCCESSFUL  </system-out>
</testsuite> <!-- MyAccount.Tests.LoginTest -->
